Arguments: 
  C:\Program Files\nodejs\node.exe C:\Users\meseq\AppData\Roaming\npm\node_modules\yarn\bin\yarn.js

PATH: 
  C:\Program Files\Common Files\Oracle\Java\javapath;C:\Program Files (x86)\Common Files\Oracle\Java\javapath;C:\Program Files\Amazon Corretto\jdk11.0.12_7\bin;C:\Python39\Scripts\;C:\Python39\;C:\Program Files (x86)\Intel\Intel(R) Management Engine Components\iCLS\;C:\Program Files\Intel\Intel(R) Management Engine Components\iCLS\;C:\WINDOWS\system32;C:\WINDOWS;C:\WINDOWS\System32\Wbem;C:\WINDOWS\System32\WindowsPowerShell\v1.0\;C:\WINDOWS\System32\OpenSSH\;C:\Program Files (x86)\Intel\Intel(R) Management Engine Components\DAL;C:\Program Files\Intel\Intel(R) Management Engine Components\DAL;C:\Program Files (x86)\Intel\Intel(R) Management Engine Components\IPT;C:\Program Files\Intel\Intel(R) Management Engine Components\IPT;C:\ProgramData\chocolatey\bin;C:\Program Files\OpenJDK\openjdk-8u282-b08\bin;C:\Users\meseq\AppData\Local\Android\sdk\platform-tools;C:\MinGW\bin;C:\Program Files\Git\cmd;C:\Program Files\Microsoft SQL Server\Client SDK\ODBC\170\Tools\Binn\;C:\Program Files (x86)\Microsoft SQL Server\150\Tools\Binn\;C:\Program Files\Microsoft SQL Server\150\Tools\Binn\;C:\Program Files\Microsoft SQL Server\150\DTS\Binn\;C:\Program Files (x86)\Microsoft SQL Server\150\DTS\Binn\;C:\gradle-7.0\bin;C:\Program Files\nodejs\;C:\Users\meseq\anaconda3;C:\Users\meseq\anaconda3\Library\mingw-w64\bin;C:\Users\meseq\anaconda3\Library\usr\bin;C:\Users\meseq\anaconda3\Library\bin;C:\Users\meseq\anaconda3\Scripts;C:\Users\meseq\AppData\Local\Microsoft\WindowsApps;C:\Users\meseq\AppData\Local\Programs\Microsoft VS Code\bin;C:\Users\meseq\AppData\Local\Android\sdk\platform-tools;C:\MinGW\bin;C:\Users\meseq\AppData\Local\GitHubDesktop\bin;C:\Program Files\Azure Data Studio\bin;C:\gradle-7.0\bin;C:\apache-maven-3.8.1\bin;C:\Program Files\JetBrains\IntelliJ IDEA Community Edition 2021.1\bin;;C:\Users\meseq\AppData\Roaming\npm;C:\Program Files\MongoDB\Server\5.0\bin;

Yarn version: 
  1.22.10

Node version: 
  14.17.3

Platform: 
  win32 x64

Trace: 
  SyntaxError: C:\Users\meseq\OneDrive\Documentos\Arquivos principais\Apredizado\Api restfull\package.json: Unexpected token } in JSON at position 354
      at JSON.parse (<anonymous>)
      at C:\Users\meseq\AppData\Roaming\npm\node_modules\yarn\lib\cli.js:1625:59
      at Generator.next (<anonymous>)
      at step (C:\Users\meseq\AppData\Roaming\npm\node_modules\yarn\lib\cli.js:310:30)
      at C:\Users\meseq\AppData\Roaming\npm\node_modules\yarn\lib\cli.js:321:13

npm manifest: 
  {
    "name": "api-vendas",
    "version": "1.0.0",
    "main": "index.js",
    "license": "MIT",
    "scripts": {
      "dev": "ts-node-dev --inspect --transpile-only --ignore-watch node_modules src/server.ts"
    },
    "devDependencies": {
      "@types/node": "^16.11.10",
      "ts-node-dev": "^1.1.8",
      "tsconfig-paths": "^3.12.0",
      "typescript": "^4.5.2"
    },
  
  }

yarn manifest: 
  No manifest

Lockfile: 
  No lockfile
